<?xml version="1.0" encoding="UTF-8"?>
<testsuite name="ru.srqa.pft.sandbox.PointTest1" tests="1" skipped="0" failures="0" errors="0" timestamp="2021-05-03T18:43:50" hostname="MVPETROVA" time="0.0">
  <properties/>
  <testcase name="TestPoint1" classname="ru.srqa.pft.sandbox.PointTest1" time="0.0"/>
  <system-out><![CDATA[]]></system-out>
  <system-err><![CDATA[]]></system-err>
</testsuite>
